[07:56:30] [main/INFO] (FabricLoader/GameProvider) Loading Minecraft 1.21.2 with Fabric Loader 0.16.9
[07:56:31] [main/INFO] (FabricLoader) Loading 57 mods:
	- cloth-basic-math 0.6.1
	- cloth-config 16.0.141
	- fabric-api 0.106.0+1.21.2
	- fabric-api-base 0.4.48+c47b9d431a
	- fabric-api-lookup-api-v1 1.6.78+c47b9d431a
	- fabric-biome-api-v1 14.0.5+c47b9d431a
	- fabric-block-api-v1 1.0.28+c47b9d431a
	- fabric-block-view-api-v2 1.0.16+c47b9d431a
	- fabric-blockrenderlayer-v1 2.0.2+c47b9d431a
	- fabric-client-tags-api-v1 1.1.22+c47b9d431a
	- fabric-command-api-v1 1.2.56+f71b366f1a
	- fabric-command-api-v2 2.2.35+c47b9d431a
	- fabric-commands-v0 0.2.73+df3654b31a
	- fabric-content-registries-v0 9.1.5+c47b9d431a
	- fabric-convention-tags-v1 2.1.0+7f945d5b1a
	- fabric-convention-tags-v2 2.9.0+c47b9d431a
	- fabric-crash-report-info-v1 0.3.3+c47b9d431a
	- fabric-data-attachment-api-v1 1.1.38+c47b9d431a
	- fabric-data-generation-api-v1 21.0.13+c47b9d431a
	- fabric-dimensions-v1 4.0.7+c47b9d431a
	- fabric-entity-events-v1 2.0.5+c47b9d431a
	- fabric-events-interaction-v0 2.0.8+c47b9d431a
	- fabric-game-rule-api-v1 1.0.59+c47b9d431a
	- fabric-gametest-api-v1 2.0.13+c47b9d431a
	- fabric-item-api-v1 11.1.5+c47b9d431a
	- fabric-item-group-api-v1 4.1.14+c47b9d431a
	- fabric-key-binding-api-v1 1.0.53+c47b9d431a
	- fabric-keybindings-v0 0.2.51+df3654b31a
	- fabric-lifecycle-events-v1 2.3.22+c47b9d431a
	- fabric-loot-api-v2 3.0.24+3f89f5a51a
	- fabric-loot-api-v3 1.0.12+c47b9d431a
	- fabric-message-api-v1 6.0.19+c47b9d431a
	- fabric-model-loading-api-v1 3.0.7+c47b9d431a
	- fabric-networking-api-v1 4.3.2+c47b9d431a
	- fabric-object-builder-api-v1 17.0.7+c47b9d431a
	- fabric-particles-v1 4.0.8+c47b9d431a
	- fabric-recipe-api-v1 7.0.1+c47b9d431a
	- fabric-registry-sync-v0 5.1.13+c47b9d431a
	- fabric-renderer-api-v1 4.0.3+c47b9d431a
	- fabric-renderer-indigo 1.9.3+c47b9d431a
	- fabric-rendering-data-attachment-v1 0.3.54+73761d2e1a
	- fabric-rendering-fluids-v1 3.1.13+c47b9d431a
	- fabric-rendering-v0 1.1.81+df3654b31a
	- fabric-rendering-v1 8.0.5+c47b9d431a
	- fabric-resource-conditions-api-v1 5.0.8+c47b9d431a
	- fabric-resource-loader-v0 3.0.5+c47b9d431a
	- fabric-screen-api-v1 2.0.32+c47b9d431a
	- fabric-screen-handler-api-v1 1.3.97+c47b9d431a
	- fabric-sound-api-v1 1.0.29+c47b9d431a
	- fabric-transfer-api-v1 5.4.0+c47b9d431a
	- fabric-transitive-access-wideners-v1 6.1.8+c47b9d431a
	- fabricloader 0.16.9
	- java 21
	- minecraft 1.21.2
	- mixinextras 0.4.1
	- modmenu 12.0.0
	- optimalaim 1.0.5
[07:56:32] [main/INFO] (FabricLoader/Mixin) SpongePowered MIXIN Subsystem Version=0.8.7 Source=file:/home/jeffrey/.gradle/caches/modules-2/files-2.1/net.fabricmc/sponge-mixin/0.15.4+mixin.0.8.7/6a12aacc794f1078458433116e9ed42c1cc98096/sponge-mixin-0.15.4+mixin.0.8.7.jar Service=Knot/Fabric Env=CLIENT
[07:56:32] [main/INFO] (FabricLoader/Mixin) Loaded Fabric development mappings for mixin remapper!
[07:56:33] [main/INFO] (FabricLoader/Mixin) Compatibility level set to JAVA_21
[07:56:37] [main/INFO] (FabricLoader/MixinExtras|Service) Initializing MixinExtras via com.llamalad7.mixinextras.service.MixinExtrasServiceImpl(version=0.4.1).
[07:56:41] [Datafixer Bootstrap/INFO] (Minecraft) 236 Datafixer optimizations took 901 milliseconds
[07:56:56] [Render thread/INFO] (Minecraft) Environment: Environment[sessionHost=https://sessionserver.mojang.com, servicesHost=https://api.minecraftservices.com, name=PROD]
[07:56:56] [Render thread/INFO] (Minecraft) Setting user: Player13
[07:56:57] [Render thread/INFO] (OptimalAim) OptimalAim | Sootysplash was here
[07:56:57] [Render thread/INFO] (Indigo) [Indigo] Registering Indigo renderer!
[07:56:57] [Render thread/INFO] (Mod Menu/Update Checker) Checking mod updates...
[07:56:58] [Render thread/INFO] (Minecraft) Backend library: LWJGL version 3.3.3-snapshot
[07:57:01] [Render thread/INFO] (Minecraft) Reloading ResourceManager: vanilla, fabric, cloth-config, fabric-api, fabric-api-base, fabric-api-lookup-api-v1, fabric-biome-api-v1, fabric-block-api-v1, fabric-block-view-api-v2, fabric-blockrenderlayer-v1, fabric-client-tags-api-v1, fabric-command-api-v1, fabric-command-api-v2, fabric-commands-v0, fabric-content-registries-v0, fabric-convention-tags-v1, fabric-convention-tags-v2, fabric-crash-report-info-v1, fabric-data-attachment-api-v1, fabric-data-generation-api-v1, fabric-dimensions-v1, fabric-entity-events-v1, fabric-events-interaction-v0, fabric-game-rule-api-v1, fabric-gametest-api-v1, fabric-item-api-v1, fabric-item-group-api-v1, fabric-key-binding-api-v1, fabric-keybindings-v0, fabric-lifecycle-events-v1, fabric-loot-api-v2, fabric-loot-api-v3, fabric-message-api-v1, fabric-model-loading-api-v1, fabric-networking-api-v1, fabric-object-builder-api-v1, fabric-particles-v1, fabric-recipe-api-v1, fabric-registry-sync-v0, fabric-renderer-api-v1, fabric-renderer-indigo, fabric-rendering-data-attachment-v1, fabric-rendering-fluids-v1, fabric-rendering-v0, fabric-rendering-v1, fabric-resource-conditions-api-v1, fabric-resource-loader-v0, fabric-screen-api-v1, fabric-screen-handler-api-v1, fabric-sound-api-v1, fabric-transfer-api-v1, fabric-transitive-access-wideners-v1, fabricloader, modmenu, optimalaim
[07:57:02] [Worker-Main-6/INFO] (Minecraft) Found unifont_all_no_pua-15.1.05.hex, loading
[07:57:02] [Worker-Main-1/INFO] (Minecraft) Found unifont_jp_patch-15.1.05.hex, loading
[07:57:06] [Render thread/WARN] (Minecraft) Missing sound for event: minecraft:block.spawner.fall
[07:57:06] [Render thread/INFO] (Minecraft) OpenAL initialized on device Built-in Audio Analog Stereo
[07:57:06] [Render thread/INFO] (Minecraft) Sound engine started
[07:57:06] [Render thread/INFO] (Minecraft) Created: 1024x512x4 minecraft:textures/atlas/blocks.png-atlas
[07:57:07] [Render thread/INFO] (Minecraft) Created: 256x256x4 minecraft:textures/atlas/signs.png-atlas
[07:57:07] [Render thread/INFO] (Minecraft) Created: 512x512x4 minecraft:textures/atlas/banner_patterns.png-atlas
[07:57:07] [Render thread/INFO] (Minecraft) Created: 512x512x4 minecraft:textures/atlas/shield_patterns.png-atlas
[07:57:07] [Render thread/INFO] (Minecraft) Created: 1024x1024x4 minecraft:textures/atlas/armor_trims.png-atlas
[07:57:07] [Render thread/INFO] (Minecraft) Created: 256x256x4 minecraft:textures/atlas/chest.png-atlas
[07:57:07] [Render thread/INFO] (Minecraft) Created: 128x64x4 minecraft:textures/atlas/decorated_pot.png-atlas
[07:57:07] [Render thread/INFO] (Minecraft) Created: 512x256x4 minecraft:textures/atlas/beds.png-atlas
[07:57:07] [Render thread/INFO] (Minecraft) Created: 512x256x4 minecraft:textures/atlas/shulker_boxes.png-atlas
[07:57:07] [Render thread/INFO] (Minecraft) Created: 64x64x0 minecraft:textures/atlas/map_decorations.png-atlas
[07:57:08] [Render thread/INFO] (Minecraft) Created: 512x256x0 minecraft:textures/atlas/particles.png-atlas
[07:57:08] [Render thread/INFO] (Minecraft) Created: 512x256x0 minecraft:textures/atlas/paintings.png-atlas
[07:57:08] [Render thread/INFO] (Minecraft) Created: 256x128x0 minecraft:textures/atlas/mob_effects.png-atlas
[07:57:08] [Render thread/INFO] (Minecraft) Created: 1024x512x0 minecraft:textures/atlas/gui.png-atlas
[07:57:38] [Render thread/INFO] (Minecraft) Loaded 1337 recipes
[07:57:38] [Render thread/INFO] (Minecraft) Loaded 1448 advancements
[07:57:39] [Render thread/INFO] (BiomeModificationImpl) Applied 0 biome modifications to 0 of 64 new biomes in 6.576 ms
[07:57:39] [Server thread/INFO] (Minecraft) Starting integrated minecraft server version 1.21.2
[07:57:39] [Server thread/INFO] (Minecraft) Generating keypair
[07:57:40] [Server thread/INFO] (Minecraft) Preparing start region for dimension minecraft:overworld
[07:57:43] [Render thread/INFO] (Minecraft) Preparing spawn area: 0%
[07:57:43] [Render thread/INFO] (Minecraft) Preparing spawn area: 0%
[07:57:43] [Render thread/INFO] (Minecraft) Preparing spawn area: 0%
[07:57:43] [Render thread/INFO] (Minecraft) Preparing spawn area: 0%
[07:57:43] [Render thread/INFO] (Minecraft) Preparing spawn area: 0%
[07:57:43] [Render thread/INFO] (Minecraft) Preparing spawn area: 0%
[07:57:43] [Render thread/INFO] (Minecraft) Preparing spawn area: 0%
[07:57:43] [Render thread/INFO] (Minecraft) Preparing spawn area: 0%
[07:57:44] [Render thread/INFO] (Minecraft) Preparing spawn area: 51%
[07:57:44] [Render thread/INFO] (Minecraft) Preparing spawn area: 65%
[07:57:44] [Render thread/INFO] (Minecraft) Time elapsed: 4624 ms
[07:57:45] [Server thread/INFO] (Minecraft) Changing view distance to 12, from 10
[07:57:45] [Server thread/INFO] (Minecraft) Changing simulation distance to 12, from 0
[07:57:48] [Server thread/INFO] (Minecraft) Player13[local:E:d87bc0e8] logged in with entity id 90 at (-536.233734934474, 81.0, 4.516890989667231)
[07:57:48] [Server thread/INFO] (Minecraft) Player13 joined the game
[07:57:49] [Render thread/INFO] (Minecraft) Loaded 2 advancements
[07:57:50] [Server thread/INFO] (Minecraft) Saving and pausing game...
[07:57:50] [Server thread/INFO] (Minecraft) Saving chunks for level 'ServerLevel[New World]'/minecraft:overworld
[07:57:51] [Server thread/INFO] (Minecraft) Saving chunks for level 'ServerLevel[New World]'/minecraft:the_end
[07:57:51] [Server thread/INFO] (Minecraft) Saving chunks for level 'ServerLevel[New World]'/minecraft:the_nether
[07:59:02] [Server thread/WARN] (Minecraft) Can't keep up! Is the server overloaded? Running 2018ms or 40 ticks behind
[07:59:04] [Server thread/INFO] (Minecraft) Saving and pausing game...
[07:59:04] [Server thread/INFO] (Minecraft) Saving chunks for level 'ServerLevel[New World]'/minecraft:overworld
[07:59:05] [Server thread/INFO] (Minecraft) Saving chunks for level 'ServerLevel[New World]'/minecraft:the_end
[07:59:05] [Server thread/INFO] (Minecraft) Saving chunks for level 'ServerLevel[New World]'/minecraft:the_nether
[07:59:11] [Server thread/INFO] (Minecraft) Saving and pausing game...
[07:59:11] [Server thread/INFO] (Minecraft) Saving chunks for level 'ServerLevel[New World]'/minecraft:overworld
[07:59:11] [Server thread/INFO] (Minecraft) Saving chunks for level 'ServerLevel[New World]'/minecraft:the_end
[07:59:11] [Server thread/INFO] (Minecraft) Saving chunks for level 'ServerLevel[New World]'/minecraft:the_nether
[07:59:22] [Server thread/INFO] (Minecraft) Saving and pausing game...
[07:59:22] [Server thread/INFO] (Minecraft) Saving chunks for level 'ServerLevel[New World]'/minecraft:overworld
[07:59:22] [Server thread/INFO] (Minecraft) Saving chunks for level 'ServerLevel[New World]'/minecraft:the_end
[07:59:22] [Server thread/INFO] (Minecraft) Saving chunks for level 'ServerLevel[New World]'/minecraft:the_nether
[07:59:22] [Render thread/INFO] (Minecraft) Stopping!
[07:59:22] [Server thread/INFO] (Minecraft) Player13 lost connection: Disconnected
[07:59:22] [Server thread/INFO] (Minecraft) Player13 left the game
[07:59:22] [Server thread/INFO] (Minecraft) Stopping singleplayer server as player logged out
[07:59:22] [Server thread/INFO] (Minecraft) Stopping server
[07:59:22] [Server thread/INFO] (Minecraft) Saving players
[07:59:22] [Server thread/INFO] (Minecraft) Saving worlds
[07:59:23] [Server thread/INFO] (Minecraft) Saving chunks for level 'ServerLevel[New World]'/minecraft:overworld
[07:59:24] [Server thread/INFO] (Minecraft) Saving chunks for level 'ServerLevel[New World]'/minecraft:the_end
[07:59:24] [Server thread/INFO] (Minecraft) Saving chunks for level 'ServerLevel[New World]'/minecraft:the_nether
[07:59:24] [Server thread/INFO] (Minecraft) ThreadedAnvilChunkStorage (New World): All chunks are saved
[07:59:24] [Server thread/INFO] (Minecraft) ThreadedAnvilChunkStorage (DIM1): All chunks are saved
[07:59:24] [Server thread/INFO] (Minecraft) ThreadedAnvilChunkStorage (DIM-1): All chunks are saved
[07:59:24] [Server thread/INFO] (Minecraft) ThreadedAnvilChunkStorage: All dimensions are saved
